mysql> source LisenUp_ddl_all.sql
--------------
SET @OLD_UNIQUE_CHECKS=@@UNIQUE_CHECKS, UNIQUE_CHECKS=0
--------------

Query OK, 0 rows affected (0.08 sec)

--------------
SET @OLD_FOREIGN_KEY_CHECKS=@@FOREIGN_KEY_CHECKS, FOREIGN_KEY_CHECKS=0
--------------

Query OK, 0 rows affected (0.08 sec)

--------------
SET @OLD_SQL_MODE=@@SQL_MODE, SQL_MODE='TRADITIONAL,ALLOW_INVALID_DATES'
--------------

Query OK, 0 rows affected (0.08 sec)

--------------
CREATE SCHEMA IF NOT EXISTS `lisenupdb` DEFAULT CHARACTER SET utf8
--------------

Query OK, 1 row affected, 1 warning (0.09 sec)

Note (Code 1007): Can't create database 'lisenupdb'; database exists
Database changed
--------------
DROP TABLE IF EXISTS `lisenupdb`.`users_all`
--------------

Query OK, 0 rows affected (0.10 sec)

--------------
CREATE TABLE IF NOT EXISTS `lisenupdb`.`users_all` (
  `ua_id` INT UNSIGNED NOT NULL AUTO_INCREMENT,
  `created_at` DATETIME NOT NULL DEFAULT CURRENT_TIMESTAMP,
  `created_by` VARCHAR(30) NOT NULL,
  `modified_at` DATETIME NOT NULL DEFAULT CURRENT_TIMESTAMP ON UPDATE CURRENT_TIMESTAMP,
  `modified_by` VARCHAR(30) NOT NULL,
  `ua_username` VARCHAR(30) NOT NULL,
  `ua_firstname` VARCHAR(45) NOT NULL,
  `ua_lastname` VARCHAR(45) NOT NULL,
  `ua_email` VARCHAR(254) NOT NULL,
  `ua_password` VARCHAR(256) NOT NULL,
  `ua_active` TINYINT(1) NOT NULL,
  PRIMARY KEY (`ua_id`),
  UNIQUE INDEX `ua_uk1` (`ua_username` ASC),
  UNIQUE INDEX `ua_uk2` (`ua_email` ASC))
--------------

Query OK, 0 rows affected (0.11 sec)

--------------
DROP TABLE IF EXISTS `lisenupdb`.`user_groups_all`
--------------

Query OK, 0 rows affected (0.09 sec)

--------------
CREATE TABLE IF NOT EXISTS `lisenupdb`.`user_groups_all` (
  `uga_id` INT UNSIGNED NOT NULL AUTO_INCREMENT,
  `ua_id` INT UNSIGNED NOT NULL,
  `created_at` DATETIME NOT NULL DEFAULT CURRENT_TIMESTAMP,
  `created_by` VARCHAR(30) NOT NULL,
  `modified_at` DATETIME NOT NULL DEFAULT CURRENT_TIMESTAMP ON UPDATE CURRENT_TIMESTAMP,
  `modified_by` VARCHAR(30) NOT NULL,
  `uga_name` VARCHAR(45) NOT NULL,
  `uga_desc` VARCHAR(256) NOT NULL,
  `uga_slug` VARCHAR(19) NOT NULL,
  `uga_active` TINYINT(1) NOT NULL,
  PRIMARY KEY (`uga_id`),
  INDEX `uga_ua_fk_idx` (`ua_id` ASC),
  UNIQUE INDEX `uga_uk1` (`ua_id` ASC, `uga_slug` ASC),
  CONSTRAINT `uga_ua_fk`
    FOREIGN KEY (`ua_id`)
    REFERENCES `lisenupdb`.`users_all` (`ua_id`)
    ON DELETE NO ACTION
    ON UPDATE NO ACTION)
--------------

Query OK, 0 rows affected (0.12 sec)

--------------
DROP TABLE IF EXISTS `lisenupdb`.`group_questions_all`
--------------

Query OK, 0 rows affected (0.09 sec)

--------------
CREATE TABLE IF NOT EXISTS `lisenupdb`.`group_questions_all` (
  `gqa_id` INT UNSIGNED NOT NULL AUTO_INCREMENT,
  `uga_id` INT UNSIGNED NOT NULL,
  `created_at` DATETIME NOT NULL DEFAULT CURRENT_TIMESTAMP,
  `created_by` VARCHAR(30) NOT NULL,
  `modified_at` DATETIME NOT NULL DEFAULT CURRENT_TIMESTAMP ON UPDATE CURRENT_TIMESTAMP,
  `modified_by` VARCHAR(30) NOT NULL,
  `gqa_title` VARCHAR(45) NOT NULL,
  `gqa_text` TEXT NOT NULL,
  `gqa_active` TINYINT(1) NOT NULL,
  PRIMARY KEY (`gqa_id`),
  INDEX `gqa_uga_fk_idx` (`uga_id` ASC),
  CONSTRAINT `gqa_uga_fk`
    FOREIGN KEY (`uga_id`)
    REFERENCES `lisenupdb`.`user_groups_all` (`uga_id`)
    ON DELETE NO ACTION
    ON UPDATE NO ACTION)
--------------

Query OK, 0 rows affected (0.11 sec)

--------------
DROP TABLE IF EXISTS `lisenupdb`.`question_feedback_all`
--------------

Query OK, 0 rows affected (0.09 sec)

--------------
CREATE TABLE IF NOT EXISTS `lisenupdb`.`question_feedback_all` (
  `qfa_id` INT UNSIGNED NOT NULL AUTO_INCREMENT,
  `gqa_id` INT UNSIGNED NOT NULL,
  `created_at` DATETIME NOT NULL DEFAULT CURRENT_TIMESTAMP,
  `created_by` VARCHAR(30) NOT NULL,
  `modified_at` DATETIME NOT NULL DEFAULT CURRENT_TIMESTAMP ON UPDATE CURRENT_TIMESTAMP,
  `modified_by` VARCHAR(30) NOT NULL,
  `qfa_ip_addr` VARCHAR(39) NOT NULL,
  `qfa_text` TEXT NOT NULL,
  PRIMARY KEY (`qfa_id`),
  INDEX `qfa_gqa_fk_idx` (`gqa_id` ASC),
  CONSTRAINT `qfa_gqa_fk`
    FOREIGN KEY (`gqa_id`)
    REFERENCES `lisenupdb`.`group_questions_all` (`gqa_id`)
    ON DELETE NO ACTION
    ON UPDATE NO ACTION)
--------------

Query OK, 0 rows affected (0.11 sec)

--------------
SET SQL_MODE=@OLD_SQL_MODE
--------------

Query OK, 0 rows affected, 3 warnings (0.08 sec)

Warning (Code 1681): 'ERROR_FOR_DIVISION_BY_ZERO' is deprecated and will be removed in a future release.
Warning (Code 1681): 'NO_ZERO_DATE' is deprecated and will be removed in a future release.
Warning (Code 1681): 'NO_ZERO_IN_DATE' is deprecated and will be removed in a future release.
--------------
SET FOREIGN_KEY_CHECKS=@OLD_FOREIGN_KEY_CHECKS
--------------

Query OK, 0 rows affected (0.08 sec)

--------------
SET UNIQUE_CHECKS=@OLD_UNIQUE_CHECKS
--------------

Query OK, 0 rows affected (0.08 sec)

mysql> source seed_data.sql
--------------
insert into lisenupdb.users_all (
  ua_id,
  created_by,
  modified_by,
  ua_username,
  ua_firstname,
  ua_lastname,
  ua_email,
  ua_password,
  ua_active)
values (
    1,
    'VMOGILEV',
    'VMOGILEV',
    'mve',
    'Vitaliy',
    'Mogilevskiy',
    'admin@lisenup.com',
    'junk',
    1)
--------------

Query OK, 1 row affected (0.08 sec)

--------------
insert into lisenupdb.user_groups_all (
  uga_id,
  ua_id,
  created_by,
  modified_by,
  uga_name,
  uga_desc,
  uga_slug,
  uga_active)
values (
    1,
    1,
    'VMOGILEV',
    'VMOGILEV',
    'LinkedIn Colleagues!',
    'Please answer the following question(s):',
    'LinkedIn',
    1)
--------------

Query OK, 1 row affected (0.09 sec)

--------------
insert into lisenupdb.group_questions_all (
  gqa_id,
  uga_id,
  created_by,
  modified_by,
  gqa_title,
  gqa_text,
  gqa_active)
values (
    1,
    1,
    'VMOGILEV',
    'VMOGILEV',
    'What could I have done better?',
    'If you ever wanted to give me a constructive criticism - now is your chance.  What could I have done better?',
    1
)
--------------

Query OK, 1 row affected (0.09 sec)

--------------
insert into lisenupdb.group_questions_all (
  gqa_id,
  uga_id,
  created_by,
  modified_by,
  gqa_title,
  gqa_text,
  gqa_active)
values (
    2,
    1,
    'VMOGILEV',
    'VMOGILEV',
    'Would you work with me again?',
    'Given another oportunity, would you work with me again?',
    1
)
--------------

Query OK, 1 row affected (0.09 sec)

mysql> notee
--------------
SET @OLD_UNIQUE_CHECKS=@@UNIQUE_CHECKS, UNIQUE_CHECKS=0
--------------

--------------
SET @OLD_FOREIGN_KEY_CHECKS=@@FOREIGN_KEY_CHECKS, FOREIGN_KEY_CHECKS=0
--------------

--------------
SET @OLD_SQL_MODE=@@SQL_MODE, SQL_MODE='TRADITIONAL,ALLOW_INVALID_DATES'
--------------

--------------
CREATE SCHEMA IF NOT EXISTS `lisenupdb` DEFAULT CHARACTER SET utf8
--------------

Note (Code 1007): Can't create database 'lisenupdb'; database exists
--------------
DROP TABLE IF EXISTS `lisenupdb`.`users_all`
--------------

--------------
CREATE TABLE IF NOT EXISTS `lisenupdb`.`users_all` (
  `ua_id` INT UNSIGNED NOT NULL AUTO_INCREMENT,
  `created_at` DATETIME NOT NULL DEFAULT CURRENT_TIMESTAMP,
  `created_by` VARCHAR(30) NOT NULL,
  `modified_at` DATETIME NOT NULL DEFAULT CURRENT_TIMESTAMP ON UPDATE CURRENT_TIMESTAMP,
  `modified_by` VARCHAR(30) NOT NULL,
  `ua_username` VARCHAR(30) NOT NULL,
  `ua_firstname` VARCHAR(45) NOT NULL,
  `ua_lastname` VARCHAR(45) NOT NULL,
  `ua_email` VARCHAR(254) NOT NULL,
  `ua_password` VARCHAR(256) NOT NULL,
  `ua_active` TINYINT(1) NOT NULL,
  PRIMARY KEY (`ua_id`),
  UNIQUE INDEX `ua_uk1` (`ua_username` ASC),
  UNIQUE INDEX `ua_uk2` (`ua_email` ASC))
--------------

--------------
DROP TABLE IF EXISTS `lisenupdb`.`user_groups_all`
--------------

--------------
CREATE TABLE IF NOT EXISTS `lisenupdb`.`user_groups_all` (
  `uga_id` INT UNSIGNED NOT NULL AUTO_INCREMENT,
  `ua_id` INT UNSIGNED NOT NULL,
  `created_at` DATETIME NOT NULL DEFAULT CURRENT_TIMESTAMP,
  `created_by` VARCHAR(30) NOT NULL,
  `modified_at` DATETIME NOT NULL DEFAULT CURRENT_TIMESTAMP ON UPDATE CURRENT_TIMESTAMP,
  `modified_by` VARCHAR(30) NOT NULL,
  `uga_name` VARCHAR(45) NOT NULL,
  `uga_desc` VARCHAR(256) NOT NULL,
  `uga_slug` VARCHAR(19) NOT NULL,
  `uga_active` TINYINT(1) NOT NULL,
  PRIMARY KEY (`uga_id`),
  INDEX `uga_ua_fk_idx` (`ua_id` ASC),
  UNIQUE INDEX `uga_uk1` (`ua_id` ASC, `uga_slug` ASC),
  CONSTRAINT `uga_ua_fk`
    FOREIGN KEY (`ua_id`)
    REFERENCES `lisenupdb`.`users_all` (`ua_id`)
    ON DELETE NO ACTION
    ON UPDATE NO ACTION)
--------------

--------------
DROP TABLE IF EXISTS `lisenupdb`.`group_topics_all`
--------------

Note (Code 1051): Unknown table 'lisenupdb.group_topics_all'
--------------
CREATE TABLE IF NOT EXISTS `lisenupdb`.`group_topics_all` (
  `gta_id` INT UNSIGNED NOT NULL AUTO_INCREMENT,
  `uga_id` INT UNSIGNED NOT NULL,
  `created_at` DATETIME NOT NULL DEFAULT CURRENT_TIMESTAMP,
  `created_by` VARCHAR(30) NOT NULL,
  `modified_at` DATETIME NOT NULL DEFAULT CURRENT_TIMESTAMP ON UPDATE CURRENT_TIMESTAMP,
  `modified_by` VARCHAR(30) NOT NULL,
  `gta_title` VARCHAR(45) NOT NULL,
  `gta_text` TEXT NOT NULL,
  `gta_active` TINYINT(1) NOT NULL,
  PRIMARY KEY (`gta_id`),
  INDEX `gta_uga_fk_idx` (`uga_id` ASC),
  CONSTRAINT `gta_uga_fk`
    FOREIGN KEY (`uga_id`)
    REFERENCES `lisenupdb`.`user_groups_all` (`uga_id`)
    ON DELETE NO ACTION
    ON UPDATE NO ACTION)
--------------

--------------
DROP TABLE IF EXISTS `lisenupdb`.`topic_feedback_all`
--------------

Note (Code 1051): Unknown table 'lisenupdb.topic_feedback_all'
--------------
CREATE TABLE IF NOT EXISTS `lisenupdb`.`topic_feedback_all` (
  `tfa_id` INT UNSIGNED NOT NULL AUTO_INCREMENT,
  `gta_id` INT UNSIGNED NOT NULL,
  `created_at` DATETIME NOT NULL DEFAULT CURRENT_TIMESTAMP,
  `created_by` VARCHAR(30) NOT NULL,
  `modified_at` DATETIME NOT NULL DEFAULT CURRENT_TIMESTAMP ON UPDATE CURRENT_TIMESTAMP,
  `modified_by` VARCHAR(30) NOT NULL,
  `tfa_ip_addr` VARCHAR(39) NOT NULL,
  `tfa_text` TEXT NOT NULL,
  PRIMARY KEY (`tfa_id`),
  INDEX `tfa_gta_fk_idx` (`gta_id` ASC),
  CONSTRAINT `tfa_gta_fk`
    FOREIGN KEY (`gta_id`)
    REFERENCES `lisenupdb`.`group_topics_all` (`gta_id`)
    ON DELETE NO ACTION
    ON UPDATE NO ACTION)
--------------

--------------
SET SQL_MODE=@OLD_SQL_MODE
--------------

Warning (Code 1681): 'ERROR_FOR_DIVISION_BY_ZERO' is deprecated and will be removed in a future release.
Warning (Code 1681): 'NO_ZERO_DATE' is deprecated and will be removed in a future release.
Warning (Code 1681): 'NO_ZERO_IN_DATE' is deprecated and will be removed in a future release.
--------------
SET FOREIGN_KEY_CHECKS=@OLD_FOREIGN_KEY_CHECKS
--------------

--------------
SET UNIQUE_CHECKS=@OLD_UNIQUE_CHECKS
--------------

--------------
insert into lisenupdb.users_all (
  ua_id,
  created_by,
  modified_by,
  ua_username,
  ua_firstname,
  ua_lastname,
  ua_email,
  ua_password,
  ua_active)
values (
    1,
    'VMOGILEV',
    'VMOGILEV',
    'mve',
    'Vitaliy',
    'Mogilevskiy',
    'admin@lisenup.com',
    'junk',
    1)
--------------

--------------
insert into lisenupdb.user_groups_all (
  uga_id,
  ua_id,
  created_by,
  modified_by,
  uga_name,
  uga_desc,
  uga_slug,
  uga_active)
values (
    1,
    1,
    'VMOGILEV',
    'VMOGILEV',
    'LinkedIn Colleagues!',
    'I value your candid feedback - fire away.',
    'LinkedIn',
    1)
--------------

--------------
insert into lisenupdb.group_topics_all (
  gta_id,
  uga_id,
  created_by,
  modified_by,
  gta_title,
  gta_text,
  gta_active)
values (
    1,
    1,
    'VMOGILEV',
    'VMOGILEV',
    'Constructive Criticism',
    'If you ever wanted to give me a constructive criticism - now is your chance to provide your candid feedback.',
    1
)
--------------

--------------
insert into lisenupdb.group_topics_all (
  gta_id,
  uga_id,
  created_by,
  modified_by,
  gta_title,
  gta_text,
  gta_active)
values (
    2,
    1,
    'VMOGILEV',
    'VMOGILEV',
    'Vitaliy Is Know For ...',
    'If someone asked you what is Vitaliy known for?  What is the one thing that comes to your mind?  No bullshit please!',
    1
)
--------------

--------------
SET @OLD_UNIQUE_CHECKS=@@UNIQUE_CHECKS, UNIQUE_CHECKS=0
--------------

--------------
SET @OLD_FOREIGN_KEY_CHECKS=@@FOREIGN_KEY_CHECKS, FOREIGN_KEY_CHECKS=0
--------------

--------------
SET @OLD_SQL_MODE=@@SQL_MODE, SQL_MODE='TRADITIONAL,ALLOW_INVALID_DATES'
--------------

--------------
DROP SCHEMA IF EXISTS `lisenupdb`
--------------

--------------
CREATE SCHEMA IF NOT EXISTS `lisenupdb` DEFAULT CHARACTER SET utf8
--------------

--------------
SHOW WARNINGS
--------------

--------------
DROP TABLE IF EXISTS `lisenupdb`.`users_all`
--------------

Note (Code 1051): Unknown table 'lisenupdb.users_all'
--------------
SHOW WARNINGS
--------------

+-------+------+-------------------------------------+
| Level | Code | Message                             |
+-------+------+-------------------------------------+
| Note  | 1051 | Unknown table 'lisenupdb.users_all' |
+-------+------+-------------------------------------+
--------------
CREATE TABLE IF NOT EXISTS `lisenupdb`.`users_all` (
  `ua_id` INT UNSIGNED NOT NULL AUTO_INCREMENT,
  `created_at` DATETIME NOT NULL DEFAULT CURRENT_TIMESTAMP,
  `created_by` VARCHAR(30) NOT NULL,
  `modified_at` DATETIME NOT NULL DEFAULT CURRENT_TIMESTAMP ON UPDATE CURRENT_TIMESTAMP,
  `modified_by` VARCHAR(30) NOT NULL,
  `ua_username` VARCHAR(30) NOT NULL,
  `ua_firstname` VARCHAR(45) NOT NULL,
  `ua_lastname` VARCHAR(45) NOT NULL,
  `ua_email` VARCHAR(254) NOT NULL,
  `ua_password` VARCHAR(256) NOT NULL,
  `ua_active` TINYINT(1) NOT NULL,
  PRIMARY KEY (`ua_id`),
  UNIQUE INDEX `ua_uk1` (`ua_username` ASC),
  UNIQUE INDEX `ua_uk2` (`ua_email` ASC))
--------------

--------------
SHOW WARNINGS
--------------

--------------
DROP TABLE IF EXISTS `lisenupdb`.`user_groups_all`
--------------

Note (Code 1051): Unknown table 'lisenupdb.user_groups_all'
--------------
SHOW WARNINGS
--------------

+-------+------+-------------------------------------------+
| Level | Code | Message                                   |
+-------+------+-------------------------------------------+
| Note  | 1051 | Unknown table 'lisenupdb.user_groups_all' |
+-------+------+-------------------------------------------+
--------------
CREATE TABLE IF NOT EXISTS `lisenupdb`.`user_groups_all` (
  `uga_id` INT UNSIGNED NOT NULL AUTO_INCREMENT,
  `ua_id` INT UNSIGNED NOT NULL,
  `created_at` DATETIME NOT NULL DEFAULT CURRENT_TIMESTAMP,
  `created_by` VARCHAR(30) NOT NULL,
  `modified_at` DATETIME NOT NULL DEFAULT CURRENT_TIMESTAMP ON UPDATE CURRENT_TIMESTAMP,
  `modified_by` VARCHAR(30) NOT NULL,
  `uga_name` VARCHAR(45) NOT NULL,
  `uga_desc` VARCHAR(256) NOT NULL,
  `uga_slug` VARCHAR(19) NOT NULL,
  `uga_active` TINYINT(1) NOT NULL,
  PRIMARY KEY (`uga_id`),
  INDEX `uga_ua_fk_idx` (`ua_id` ASC),
  UNIQUE INDEX `uga_uk1` (`ua_id` ASC, `uga_slug` ASC),
  CONSTRAINT `uga_ua_fk`
    FOREIGN KEY (`ua_id`)
    REFERENCES `lisenupdb`.`users_all` (`ua_id`)
    ON DELETE NO ACTION
    ON UPDATE NO ACTION)
--------------

--------------
SHOW WARNINGS
--------------

--------------
DROP TABLE IF EXISTS `lisenupdb`.`group_topics_all`
--------------

Note (Code 1051): Unknown table 'lisenupdb.group_topics_all'
--------------
SHOW WARNINGS
--------------

+-------+------+--------------------------------------------+
| Level | Code | Message                                    |
+-------+------+--------------------------------------------+
| Note  | 1051 | Unknown table 'lisenupdb.group_topics_all' |
+-------+------+--------------------------------------------+
--------------
CREATE TABLE IF NOT EXISTS `lisenupdb`.`group_topics_all` (
  `gta_id` INT UNSIGNED NOT NULL AUTO_INCREMENT,
  `uga_id` INT UNSIGNED NOT NULL,
  `created_at` DATETIME NOT NULL DEFAULT CURRENT_TIMESTAMP,
  `created_by` VARCHAR(30) NOT NULL,
  `modified_at` DATETIME NOT NULL DEFAULT CURRENT_TIMESTAMP ON UPDATE CURRENT_TIMESTAMP,
  `modified_by` VARCHAR(30) NOT NULL,
  `gta_title` VARCHAR(45) NOT NULL,
  `gta_text` TEXT NOT NULL,
  `gta_active` TINYINT(1) NOT NULL,
  `gta_order` INT NOT NULL DEFAULT 0,
  PRIMARY KEY (`gta_id`),
  INDEX `gta_uga_fk_idx` (`uga_id` ASC),
  CONSTRAINT `gta_uga_fk`
    FOREIGN KEY (`uga_id`)
    REFERENCES `lisenupdb`.`user_groups_all` (`uga_id`)
    ON DELETE NO ACTION
    ON UPDATE NO ACTION)
--------------

--------------
SHOW WARNINGS
--------------

--------------
DROP TABLE IF EXISTS `lisenupdb`.`topic_feedback_all`
--------------

Note (Code 1051): Unknown table 'lisenupdb.topic_feedback_all'
--------------
SHOW WARNINGS
--------------

+-------+------+----------------------------------------------+
| Level | Code | Message                                      |
+-------+------+----------------------------------------------+
| Note  | 1051 | Unknown table 'lisenupdb.topic_feedback_all' |
+-------+------+----------------------------------------------+
--------------
CREATE TABLE IF NOT EXISTS `lisenupdb`.`topic_feedback_all` (
  `tfa_id` INT UNSIGNED NOT NULL AUTO_INCREMENT,
  `gta_id` INT UNSIGNED NOT NULL,
  `created_at` DATETIME NOT NULL DEFAULT CURRENT_TIMESTAMP,
  `created_by` VARCHAR(30) NOT NULL,
  `modified_at` DATETIME NOT NULL DEFAULT CURRENT_TIMESTAMP ON UPDATE CURRENT_TIMESTAMP,
  `modified_by` VARCHAR(30) NOT NULL,
  `tfa_ip_addr` VARCHAR(39) NOT NULL,
  `tfa_text` TEXT NOT NULL,
  PRIMARY KEY (`tfa_id`),
  INDEX `tfa_gta_fk_idx` (`gta_id` ASC),
  CONSTRAINT `tfa_gta_fk`
    FOREIGN KEY (`gta_id`)
    REFERENCES `lisenupdb`.`group_topics_all` (`gta_id`)
    ON DELETE NO ACTION
    ON UPDATE NO ACTION)
--------------

--------------
SHOW WARNINGS
--------------

--------------
DROP TABLE IF EXISTS `lisenupdb`.`group_users_all`
--------------

Note (Code 1051): Unknown table 'lisenupdb.group_users_all'
--------------
SHOW WARNINGS
--------------

+-------+------+-------------------------------------------+
| Level | Code | Message                                   |
+-------+------+-------------------------------------------+
| Note  | 1051 | Unknown table 'lisenupdb.group_users_all' |
+-------+------+-------------------------------------------+
--------------
CREATE TABLE IF NOT EXISTS `lisenupdb`.`group_users_all` (
  `gua_id` INT UNSIGNED NOT NULL AUTO_INCREMENT,
  `uga_id` INT UNSIGNED NOT NULL,
  `ua_id` INT UNSIGNED NOT NULL,
  `created_at` DATETIME NOT NULL DEFAULT CURRENT_TIMESTAMP,
  `created_by` VARCHAR(30) NOT NULL,
  `modified_at` DATETIME NOT NULL DEFAULT CURRENT_TIMESTAMP ON UPDATE CURRENT_TIMESTAMP,
  `modified_by` VARCHAR(30) NOT NULL,
  `gua_active` TINYINT(1) NOT NULL,
  `gua_subed_at` VARCHAR(256) NOT NULL,
  `gua_ip_addr` VARCHAR(39) NOT NULL,
  PRIMARY KEY (`gua_id`),
  INDEX `gua_uga_fk_idx` (`uga_id` ASC),
  INDEX `gua_ua_fk_idx` (`ua_id` ASC),
  UNIQUE INDEX `gua_uk1` (`uga_id` ASC, `ua_id` ASC),
  CONSTRAINT `gua_uga_fk`
    FOREIGN KEY (`uga_id`)
    REFERENCES `lisenupdb`.`user_groups_all` (`uga_id`)
    ON DELETE NO ACTION
    ON UPDATE NO ACTION,
  CONSTRAINT `gua_ua_fk`
    FOREIGN KEY (`ua_id`)
    REFERENCES `lisenupdb`.`users_all` (`ua_id`)
    ON DELETE NO ACTION
    ON UPDATE NO ACTION)
--------------

--------------
SHOW WARNINGS
--------------

--------------
SET SQL_MODE=@OLD_SQL_MODE
--------------

Warning (Code 1681): 'ERROR_FOR_DIVISION_BY_ZERO' is deprecated and will be removed in a future release.
Warning (Code 1681): 'NO_ZERO_DATE' is deprecated and will be removed in a future release.
Warning (Code 1681): 'NO_ZERO_IN_DATE' is deprecated and will be removed in a future release.
--------------
SET FOREIGN_KEY_CHECKS=@OLD_FOREIGN_KEY_CHECKS
--------------

--------------
SET UNIQUE_CHECKS=@OLD_UNIQUE_CHECKS
--------------

--------------
insert into lisenupdb.users_all (
  ua_id,
  created_by,
  modified_by,
  ua_username,
  ua_firstname,
  ua_lastname,
  ua_email,
  ua_password,
  ua_active)
values (
    1,
    'VMOGILEV',
    'VMOGILEV',
    'mve',
    'Vitaliy',
    'Mogilevskiy',
    'admin@lisenup.com',
    'junk',
    1)
--------------

--------------
insert into lisenupdb.user_groups_all (
  uga_id,
  ua_id,
  created_by,
  modified_by,
  uga_name,
  uga_desc,
  uga_slug,
  uga_active)
values (
    1,
    1,
    'VMOGILEV',
    'VMOGILEV',
    'LinkedIn Colleagues!',
    'I value your candid feedback - so fire away.',
    'LinkedIn',
    1)
--------------

--------------
insert into lisenupdb.group_topics_all (
  gta_id,
  uga_id,
  created_by,
  modified_by,
  gta_title,
  gta_text,
  gta_active)
values (
    1,
    1,
    'VMOGILEV',
    'VMOGILEV',
    'Constructive Criticism',
    'If you ever wanted to give me a constructive criticism - now is your chance to provide a candid feedback.',
    1
)
--------------

--------------
insert into lisenupdb.group_topics_all (
  gta_id,
  uga_id,
  created_by,
  modified_by,
  gta_title,
  gta_text,
  gta_active)
values (
    2,
    1,
    'VMOGILEV',
    'VMOGILEV',
    'Vitaliy Is Know For ...',
    'If someone asked you what is Vitaliy known for?  What is the one thing that comes to your mind?  No bullshit please!',
    1
)
--------------

--------------
SET @OLD_UNIQUE_CHECKS=@@UNIQUE_CHECKS, UNIQUE_CHECKS=0
--------------

--------------
SET @OLD_FOREIGN_KEY_CHECKS=@@FOREIGN_KEY_CHECKS, FOREIGN_KEY_CHECKS=0
--------------

--------------
SET @OLD_SQL_MODE=@@SQL_MODE, SQL_MODE='TRADITIONAL,ALLOW_INVALID_DATES'
--------------

--------------
DROP SCHEMA IF EXISTS `lisenupdb`
--------------

--------------
CREATE SCHEMA IF NOT EXISTS `lisenupdb` DEFAULT CHARACTER SET utf8
--------------

--------------
SHOW WARNINGS
--------------

--------------
DROP TABLE IF EXISTS `lisenupdb`.`users_all`
--------------

Note (Code 1051): Unknown table 'lisenupdb.users_all'
--------------
SHOW WARNINGS
--------------

+-------+------+-------------------------------------+
| Level | Code | Message                             |
+-------+------+-------------------------------------+
| Note  | 1051 | Unknown table 'lisenupdb.users_all' |
+-------+------+-------------------------------------+
--------------
CREATE TABLE IF NOT EXISTS `lisenupdb`.`users_all` (
  `ua_id` INT UNSIGNED NOT NULL AUTO_INCREMENT,
  `created_at` DATETIME NOT NULL DEFAULT CURRENT_TIMESTAMP,
  `created_by` VARCHAR(30) NOT NULL,
  `modified_at` DATETIME NOT NULL DEFAULT CURRENT_TIMESTAMP ON UPDATE CURRENT_TIMESTAMP,
  `modified_by` VARCHAR(30) NOT NULL,
  `ua_username` VARCHAR(30) NOT NULL,
  `ua_firstname` VARCHAR(45) NOT NULL,
  `ua_lastname` VARCHAR(45) NOT NULL,
  `ua_email` VARCHAR(254) NOT NULL,
  `ua_password` VARCHAR(256) NOT NULL,
  `ua_active` TINYINT(1) NOT NULL,
  `ua_gravatar_hash` VARCHAR(32) NOT NULL,
  PRIMARY KEY (`ua_id`),
  UNIQUE INDEX `ua_uk1` (`ua_username` ASC),
  UNIQUE INDEX `ua_uk2` (`ua_email` ASC))
--------------

--------------
SHOW WARNINGS
--------------

--------------
DROP TABLE IF EXISTS `lisenupdb`.`user_groups_all`
--------------

Note (Code 1051): Unknown table 'lisenupdb.user_groups_all'
--------------
SHOW WARNINGS
--------------

+-------+------+-------------------------------------------+
| Level | Code | Message                                   |
+-------+------+-------------------------------------------+
| Note  | 1051 | Unknown table 'lisenupdb.user_groups_all' |
+-------+------+-------------------------------------------+
--------------
CREATE TABLE IF NOT EXISTS `lisenupdb`.`user_groups_all` (
  `uga_id` INT UNSIGNED NOT NULL AUTO_INCREMENT,
  `ua_id` INT UNSIGNED NOT NULL,
  `created_at` DATETIME NOT NULL DEFAULT CURRENT_TIMESTAMP,
  `created_by` VARCHAR(30) NOT NULL,
  `modified_at` DATETIME NOT NULL DEFAULT CURRENT_TIMESTAMP ON UPDATE CURRENT_TIMESTAMP,
  `modified_by` VARCHAR(30) NOT NULL,
  `uga_name` VARCHAR(45) NOT NULL,
  `uga_desc` VARCHAR(256) NOT NULL,
  `uga_slug` VARCHAR(19) NOT NULL,
  `uga_active` TINYINT(1) NOT NULL,
  PRIMARY KEY (`uga_id`),
  INDEX `uga_ua_fk_idx` (`ua_id` ASC),
  UNIQUE INDEX `uga_uk1` (`ua_id` ASC, `uga_slug` ASC),
  CONSTRAINT `uga_ua_fk`
    FOREIGN KEY (`ua_id`)
    REFERENCES `lisenupdb`.`users_all` (`ua_id`)
    ON DELETE NO ACTION
    ON UPDATE NO ACTION)
--------------

--------------
SHOW WARNINGS
--------------

--------------
DROP TABLE IF EXISTS `lisenupdb`.`group_topics_all`
--------------

Note (Code 1051): Unknown table 'lisenupdb.group_topics_all'
--------------
SHOW WARNINGS
--------------

+-------+------+--------------------------------------------+
| Level | Code | Message                                    |
+-------+------+--------------------------------------------+
| Note  | 1051 | Unknown table 'lisenupdb.group_topics_all' |
+-------+------+--------------------------------------------+
--------------
CREATE TABLE IF NOT EXISTS `lisenupdb`.`group_topics_all` (
  `gta_id` INT UNSIGNED NOT NULL AUTO_INCREMENT,
  `uga_id` INT UNSIGNED NOT NULL,
  `created_at` DATETIME NOT NULL DEFAULT CURRENT_TIMESTAMP,
  `created_by` VARCHAR(30) NOT NULL,
  `modified_at` DATETIME NOT NULL DEFAULT CURRENT_TIMESTAMP ON UPDATE CURRENT_TIMESTAMP,
  `modified_by` VARCHAR(30) NOT NULL,
  `gta_title` VARCHAR(45) NOT NULL,
  `gta_text` TEXT NOT NULL,
  `gta_active` TINYINT(1) NOT NULL,
  `gta_order` INT NOT NULL DEFAULT 0,
  PRIMARY KEY (`gta_id`),
  INDEX `gta_uga_fk_idx` (`uga_id` ASC),
  CONSTRAINT `gta_uga_fk`
    FOREIGN KEY (`uga_id`)
    REFERENCES `lisenupdb`.`user_groups_all` (`uga_id`)
    ON DELETE NO ACTION
    ON UPDATE NO ACTION)
--------------

--------------
SHOW WARNINGS
--------------

--------------
DROP TABLE IF EXISTS `lisenupdb`.`topic_feedback_all`
--------------

Note (Code 1051): Unknown table 'lisenupdb.topic_feedback_all'
--------------
SHOW WARNINGS
--------------

+-------+------+----------------------------------------------+
| Level | Code | Message                                      |
+-------+------+----------------------------------------------+
| Note  | 1051 | Unknown table 'lisenupdb.topic_feedback_all' |
+-------+------+----------------------------------------------+
--------------
CREATE TABLE IF NOT EXISTS `lisenupdb`.`topic_feedback_all` (
  `tfa_id` INT UNSIGNED NOT NULL AUTO_INCREMENT,
  `gta_id` INT UNSIGNED NOT NULL,
  `created_at` DATETIME NOT NULL DEFAULT CURRENT_TIMESTAMP,
  `created_by` VARCHAR(30) NOT NULL,
  `modified_at` DATETIME NOT NULL DEFAULT CURRENT_TIMESTAMP ON UPDATE CURRENT_TIMESTAMP,
  `modified_by` VARCHAR(30) NOT NULL,
  `tfa_ip_addr` VARCHAR(39) NOT NULL,
  `tfa_text` TEXT NOT NULL,
  PRIMARY KEY (`tfa_id`),
  INDEX `tfa_gta_fk_idx` (`gta_id` ASC),
  CONSTRAINT `tfa_gta_fk`
    FOREIGN KEY (`gta_id`)
    REFERENCES `lisenupdb`.`group_topics_all` (`gta_id`)
    ON DELETE NO ACTION
    ON UPDATE NO ACTION)
--------------

--------------
SHOW WARNINGS
--------------

--------------
DROP TABLE IF EXISTS `lisenupdb`.`group_users_all`
--------------

Note (Code 1051): Unknown table 'lisenupdb.group_users_all'
--------------
SHOW WARNINGS
--------------

+-------+------+-------------------------------------------+
| Level | Code | Message                                   |
+-------+------+-------------------------------------------+
| Note  | 1051 | Unknown table 'lisenupdb.group_users_all' |
+-------+------+-------------------------------------------+
--------------
CREATE TABLE IF NOT EXISTS `lisenupdb`.`group_users_all` (
  `gua_id` INT UNSIGNED NOT NULL AUTO_INCREMENT,
  `uga_id` INT UNSIGNED NOT NULL,
  `ua_id` INT UNSIGNED NOT NULL,
  `created_at` DATETIME NOT NULL DEFAULT CURRENT_TIMESTAMP,
  `created_by` VARCHAR(30) NOT NULL,
  `modified_at` DATETIME NOT NULL DEFAULT CURRENT_TIMESTAMP ON UPDATE CURRENT_TIMESTAMP,
  `modified_by` VARCHAR(30) NOT NULL,
  `gua_active` TINYINT(1) NOT NULL,
  `gua_subed_at` VARCHAR(256) NOT NULL,
  `gua_ip_addr` VARCHAR(39) NOT NULL,
  PRIMARY KEY (`gua_id`),
  INDEX `gua_uga_fk_idx` (`uga_id` ASC),
  INDEX `gua_ua_fk_idx` (`ua_id` ASC),
  UNIQUE INDEX `gua_uk1` (`uga_id` ASC, `ua_id` ASC),
  CONSTRAINT `gua_uga_fk`
    FOREIGN KEY (`uga_id`)
    REFERENCES `lisenupdb`.`user_groups_all` (`uga_id`)
    ON DELETE NO ACTION
    ON UPDATE NO ACTION,
  CONSTRAINT `gua_ua_fk`
    FOREIGN KEY (`ua_id`)
    REFERENCES `lisenupdb`.`users_all` (`ua_id`)
    ON DELETE NO ACTION
    ON UPDATE NO ACTION)
--------------

--------------
SHOW WARNINGS
--------------

--------------
SET SQL_MODE=@OLD_SQL_MODE
--------------

Warning (Code 1681): 'ERROR_FOR_DIVISION_BY_ZERO' is deprecated and will be removed in a future release.
Warning (Code 1681): 'NO_ZERO_DATE' is deprecated and will be removed in a future release.
Warning (Code 1681): 'NO_ZERO_IN_DATE' is deprecated and will be removed in a future release.
--------------
SET FOREIGN_KEY_CHECKS=@OLD_FOREIGN_KEY_CHECKS
--------------

--------------
SET UNIQUE_CHECKS=@OLD_UNIQUE_CHECKS
--------------

--------------
delete from lisenupdb.topic_feedback_all where gta_id in (select gta_id from lisenupdb.group_topics_all where created_by = 'VMOGILEV')
--------------

--------------
delete from lisenupdb.group_users_all where uga_id in (select uga_id from lisenupdb.user_groups_all where created_by = 'VMOGILEV')
--------------

--------------
delete from lisenupdb.group_topics_all where created_by = 'VMOGILEV'
--------------

--------------
delete from lisenupdb.user_groups_all where created_by = 'VMOGILEV'
--------------

--------------
delete from lisenupdb.users_all where created_by = 'VMOGILEV'
--------------

--------------
insert into lisenupdb.users_all (
  ua_id,
  created_by,
  modified_by,
  ua_username,
  ua_firstname,
  ua_lastname,
  ua_email,
  ua_password,
  ua_active,
  ua_gravatar_hash)
values (
    1,
    'VMOGILEV',
    'VMOGILEV',
    'mve',
    'Vitaliy',
    'Mogilevskiy',
    'admin@lisenup.com',
    'junk',
    1,
    '310bc337aaf8b7ff17ce233a36934fe6')
--------------

--------------
insert into lisenupdb.user_groups_all (
  uga_id,
  ua_id,
  created_by,
  modified_by,
  uga_name,
  uga_desc,
  uga_slug,
  uga_active)
values (
    1,
    1,
    'VMOGILEV',
    'VMOGILEV',
    'My Job',
    'I want to improve my Job and would like to get your candid feedback on the following:',
    'Job',
    1)
--------------

--------------
insert into lisenupdb.group_topics_all (
  gta_id,
  uga_id,
  created_by,
  modified_by,
  gta_title,
  gta_text,
  gta_active)
values (
    1,
    1,
    'VMOGILEV',
    'VMOGILEV',
    'Constructive Criticism',
    'If you ever wanted to give me a constructive criticism - please do not hesitate to do so:',
    1
)
--------------

--------------
insert into lisenupdb.group_topics_all (
  gta_id,
  uga_id,
  created_by,
  modified_by,
  gta_title,
  gta_text,
  gta_active)
values (
    2,
    1,
    'VMOGILEV',
    'VMOGILEV',
    'I am Know For ...',
    'If someone asked you what I am known for?  What is the one thing that comes to mind?',
    1
)
--------------

--------------
SET @OLD_UNIQUE_CHECKS=@@UNIQUE_CHECKS, UNIQUE_CHECKS=0
--------------

--------------
SET @OLD_FOREIGN_KEY_CHECKS=@@FOREIGN_KEY_CHECKS, FOREIGN_KEY_CHECKS=0
--------------

--------------
SET @OLD_SQL_MODE=@@SQL_MODE, SQL_MODE='TRADITIONAL,ALLOW_INVALID_DATES'
--------------

--------------
DROP SCHEMA IF EXISTS `lisenupdb`
--------------

--------------
CREATE SCHEMA IF NOT EXISTS `lisenupdb` DEFAULT CHARACTER SET utf8
--------------

--------------
SHOW WARNINGS
--------------

--------------
DROP TABLE IF EXISTS `lisenupdb`.`users_all`
--------------

Note (Code 1051): Unknown table 'lisenupdb.users_all'
--------------
SHOW WARNINGS
--------------

+-------+------+-------------------------------------+
| Level | Code | Message                             |
+-------+------+-------------------------------------+
| Note  | 1051 | Unknown table 'lisenupdb.users_all' |
+-------+------+-------------------------------------+
--------------
CREATE TABLE IF NOT EXISTS `lisenupdb`.`users_all` (
  `ua_id` INT UNSIGNED NOT NULL AUTO_INCREMENT,
  `created_at` DATETIME NOT NULL DEFAULT CURRENT_TIMESTAMP,
  `created_by` VARCHAR(30) NOT NULL,
  `modified_at` DATETIME NOT NULL DEFAULT CURRENT_TIMESTAMP ON UPDATE CURRENT_TIMESTAMP,
  `modified_by` VARCHAR(30) NOT NULL,
  `ua_username` VARCHAR(30) NOT NULL,
  `ua_firstname` VARCHAR(45) NOT NULL,
  `ua_lastname` VARCHAR(45) NOT NULL,
  `ua_email` VARCHAR(254) NOT NULL,
  `ua_password` VARCHAR(256) NOT NULL,
  `ua_active` TINYINT(1) NOT NULL,
  `ua_gravatar_hash` VARCHAR(32) NOT NULL,
  PRIMARY KEY (`ua_id`),
  UNIQUE INDEX `ua_uk1` (`ua_username` ASC),
  UNIQUE INDEX `ua_uk2` (`ua_email` ASC))
--------------

--------------
SHOW WARNINGS
--------------

--------------
DROP TABLE IF EXISTS `lisenupdb`.`user_groups_all`
--------------

Note (Code 1051): Unknown table 'lisenupdb.user_groups_all'
--------------
SHOW WARNINGS
--------------

+-------+------+-------------------------------------------+
| Level | Code | Message                                   |
+-------+------+-------------------------------------------+
| Note  | 1051 | Unknown table 'lisenupdb.user_groups_all' |
+-------+------+-------------------------------------------+
--------------
CREATE TABLE IF NOT EXISTS `lisenupdb`.`user_groups_all` (
  `uga_id` INT UNSIGNED NOT NULL AUTO_INCREMENT,
  `ua_id` INT UNSIGNED NOT NULL,
  `created_at` DATETIME NOT NULL DEFAULT CURRENT_TIMESTAMP,
  `created_by` VARCHAR(30) NOT NULL,
  `modified_at` DATETIME NOT NULL DEFAULT CURRENT_TIMESTAMP ON UPDATE CURRENT_TIMESTAMP,
  `modified_by` VARCHAR(30) NOT NULL,
  `uga_name` VARCHAR(45) NOT NULL,
  `uga_desc` VARCHAR(256) NOT NULL,
  `uga_slug` VARCHAR(19) NOT NULL,
  `uga_active` TINYINT(1) NOT NULL,
  PRIMARY KEY (`uga_id`),
  INDEX `uga_ua_fk_idx` (`ua_id` ASC),
  UNIQUE INDEX `uga_uk1` (`ua_id` ASC, `uga_slug` ASC),
  CONSTRAINT `uga_ua_fk`
    FOREIGN KEY (`ua_id`)
    REFERENCES `lisenupdb`.`users_all` (`ua_id`)
    ON DELETE NO ACTION
    ON UPDATE NO ACTION)
--------------

--------------
SHOW WARNINGS
--------------

--------------
DROP TABLE IF EXISTS `lisenupdb`.`group_topics_all`
--------------

Note (Code 1051): Unknown table 'lisenupdb.group_topics_all'
--------------
SHOW WARNINGS
--------------

+-------+------+--------------------------------------------+
| Level | Code | Message                                    |
+-------+------+--------------------------------------------+
| Note  | 1051 | Unknown table 'lisenupdb.group_topics_all' |
+-------+------+--------------------------------------------+
--------------
CREATE TABLE IF NOT EXISTS `lisenupdb`.`group_topics_all` (
  `gta_id` INT UNSIGNED NOT NULL AUTO_INCREMENT,
  `uga_id` INT UNSIGNED NOT NULL,
  `created_at` DATETIME NOT NULL DEFAULT CURRENT_TIMESTAMP,
  `created_by` VARCHAR(30) NOT NULL,
  `modified_at` DATETIME NOT NULL DEFAULT CURRENT_TIMESTAMP ON UPDATE CURRENT_TIMESTAMP,
  `modified_by` VARCHAR(30) NOT NULL,
  `gta_title` VARCHAR(45) NOT NULL,
  `gta_text` TEXT NOT NULL,
  `gta_active` TINYINT(1) NOT NULL,
  `gta_order` INT NOT NULL DEFAULT 0,
  PRIMARY KEY (`gta_id`),
  INDEX `gta_uga_fk_idx` (`uga_id` ASC),
  CONSTRAINT `gta_uga_fk`
    FOREIGN KEY (`uga_id`)
    REFERENCES `lisenupdb`.`user_groups_all` (`uga_id`)
    ON DELETE NO ACTION
    ON UPDATE NO ACTION)
--------------

--------------
SHOW WARNINGS
--------------

--------------
DROP TABLE IF EXISTS `lisenupdb`.`topic_feedback_all`
--------------

Note (Code 1051): Unknown table 'lisenupdb.topic_feedback_all'
--------------
SHOW WARNINGS
--------------

+-------+------+----------------------------------------------+
| Level | Code | Message                                      |
+-------+------+----------------------------------------------+
| Note  | 1051 | Unknown table 'lisenupdb.topic_feedback_all' |
+-------+------+----------------------------------------------+
--------------
CREATE TABLE IF NOT EXISTS `lisenupdb`.`topic_feedback_all` (
  `tfa_id` INT UNSIGNED NOT NULL AUTO_INCREMENT,
  `gta_id` INT UNSIGNED NOT NULL,
  `created_at` DATETIME NOT NULL DEFAULT CURRENT_TIMESTAMP,
  `created_by` VARCHAR(30) NOT NULL,
  `modified_at` DATETIME NOT NULL DEFAULT CURRENT_TIMESTAMP ON UPDATE CURRENT_TIMESTAMP,
  `modified_by` VARCHAR(30) NOT NULL,
  `tfa_ip_addr` VARCHAR(39) NOT NULL,
  `tfa_text` TEXT NOT NULL,
  PRIMARY KEY (`tfa_id`),
  INDEX `tfa_gta_fk_idx` (`gta_id` ASC),
  CONSTRAINT `tfa_gta_fk`
    FOREIGN KEY (`gta_id`)
    REFERENCES `lisenupdb`.`group_topics_all` (`gta_id`)
    ON DELETE NO ACTION
    ON UPDATE NO ACTION)
--------------

--------------
SHOW WARNINGS
--------------

--------------
DROP TABLE IF EXISTS `lisenupdb`.`group_users_all`
--------------

Note (Code 1051): Unknown table 'lisenupdb.group_users_all'
--------------
SHOW WARNINGS
--------------

+-------+------+-------------------------------------------+
| Level | Code | Message                                   |
+-------+------+-------------------------------------------+
| Note  | 1051 | Unknown table 'lisenupdb.group_users_all' |
+-------+------+-------------------------------------------+
--------------
CREATE TABLE IF NOT EXISTS `lisenupdb`.`group_users_all` (
  `gua_id` INT UNSIGNED NOT NULL AUTO_INCREMENT,
  `uga_id` INT UNSIGNED NOT NULL,
  `ua_id` INT UNSIGNED NOT NULL,
  `created_at` DATETIME NOT NULL DEFAULT CURRENT_TIMESTAMP,
  `created_by` VARCHAR(30) NOT NULL,
  `modified_at` DATETIME NOT NULL DEFAULT CURRENT_TIMESTAMP ON UPDATE CURRENT_TIMESTAMP,
  `modified_by` VARCHAR(30) NOT NULL,
  `gua_active` TINYINT(1) NOT NULL,
  `gua_subed_at` VARCHAR(256) NOT NULL,
  `gua_ip_addr` VARCHAR(39) NOT NULL,
  PRIMARY KEY (`gua_id`),
  INDEX `gua_uga_fk_idx` (`uga_id` ASC),
  INDEX `gua_ua_fk_idx` (`ua_id` ASC),
  UNIQUE INDEX `gua_uk1` (`uga_id` ASC, `ua_id` ASC),
  CONSTRAINT `gua_uga_fk`
    FOREIGN KEY (`uga_id`)
    REFERENCES `lisenupdb`.`user_groups_all` (`uga_id`)
    ON DELETE NO ACTION
    ON UPDATE NO ACTION,
  CONSTRAINT `gua_ua_fk`
    FOREIGN KEY (`ua_id`)
    REFERENCES `lisenupdb`.`users_all` (`ua_id`)
    ON DELETE NO ACTION
    ON UPDATE NO ACTION)
--------------

--------------
SHOW WARNINGS
--------------

--------------
SET SQL_MODE=@OLD_SQL_MODE
--------------

Warning (Code 1681): 'ERROR_FOR_DIVISION_BY_ZERO' is deprecated and will be removed in a future release.
Warning (Code 1681): 'NO_ZERO_DATE' is deprecated and will be removed in a future release.
Warning (Code 1681): 'NO_ZERO_IN_DATE' is deprecated and will be removed in a future release.
--------------
SET FOREIGN_KEY_CHECKS=@OLD_FOREIGN_KEY_CHECKS
--------------

--------------
SET UNIQUE_CHECKS=@OLD_UNIQUE_CHECKS
--------------

--------------
delete from lisenupdb.topic_feedback_all where gta_id in (select gta_id from lisenupdb.group_topics_all where created_by = 'VMOGILEV')
--------------

--------------
delete from lisenupdb.group_users_all where uga_id in (select uga_id from lisenupdb.user_groups_all where created_by = 'VMOGILEV')
--------------

--------------
delete from lisenupdb.group_topics_all where created_by = 'VMOGILEV'
--------------

--------------
delete from lisenupdb.user_groups_all where created_by = 'VMOGILEV'
--------------

--------------
delete from lisenupdb.users_all where created_by = 'VMOGILEV'
--------------

--------------
insert into lisenupdb.users_all (
  ua_id,
  created_by,
  modified_by,
  ua_username,
  ua_firstname,
  ua_lastname,
  ua_email,
  ua_password,
  ua_active,
  ua_gravatar_hash)
values (
    1,
    'VMOGILEV',
    'VMOGILEV',
    'mve',
    'Vitaliy',
    'Mogilevskiy',
    'admin@lisenup.com',
    'junk',
    1,
    '310bc337aaf8b7ff17ce233a36934fe6')
--------------

--------------
insert into lisenupdb.user_groups_all (
  uga_id,
  ua_id,
  created_by,
  modified_by,
  uga_name,
  uga_desc,
  uga_slug,
  uga_active)
values (
    1,
    1,
    'VMOGILEV',
    'VMOGILEV',
    'My Job',
    'I want to improve my Job and would like to get your candid feedback on the following:',
    'Job',
    1)
--------------

--------------
insert into lisenupdb.group_topics_all (
  gta_id,
  uga_id,
  created_by,
  modified_by,
  gta_title,
  gta_text,
  gta_active)
values (
    1,
    1,
    'VMOGILEV',
    'VMOGILEV',
    'Constructive Criticism',
    'If you ever wanted to give me a constructive criticism - please do not hesitate to do so now:',
    1
)
--------------

--------------
insert into lisenupdb.group_topics_all (
  gta_id,
  uga_id,
  created_by,
  modified_by,
  gta_title,
  gta_text,
  gta_active)
values (
    2,
    1,
    'VMOGILEV',
    'VMOGILEV',
    'I am Know For ...',
    'If someone asked you what I am known for?  What is the one thing that comes to mind?',
    1
)
--------------

--------------
insert into lisenupdb.group_topics_all (
  gta_id,
  uga_id,
  created_by,
  modified_by,
  gta_title,
  gta_text,
  gta_active)
values (
    3,
    1,
    'VMOGILEV',
    'VMOGILEV',
    'One Thing Better ...',
    'If we were to work together again, what is the one thing that I should do better?',
    1
)
--------------

--------------
SET @OLD_UNIQUE_CHECKS=@@UNIQUE_CHECKS, UNIQUE_CHECKS=0
--------------

--------------
SET @OLD_FOREIGN_KEY_CHECKS=@@FOREIGN_KEY_CHECKS, FOREIGN_KEY_CHECKS=0
--------------

--------------
SET @OLD_SQL_MODE=@@SQL_MODE, SQL_MODE='TRADITIONAL,ALLOW_INVALID_DATES'
--------------

--------------
DROP SCHEMA IF EXISTS `lisenupdb`
--------------

--------------
CREATE SCHEMA IF NOT EXISTS `lisenupdb` DEFAULT CHARACTER SET utf8
--------------

--------------
SHOW WARNINGS
--------------

--------------
DROP TABLE IF EXISTS `lisenupdb`.`users_all`
--------------

Note (Code 1051): Unknown table 'lisenupdb.users_all'
--------------
SHOW WARNINGS
--------------

+-------+------+-------------------------------------+
| Level | Code | Message                             |
+-------+------+-------------------------------------+
| Note  | 1051 | Unknown table 'lisenupdb.users_all' |
+-------+------+-------------------------------------+
--------------
CREATE TABLE IF NOT EXISTS `lisenupdb`.`users_all` (
  `ua_id` INT UNSIGNED NOT NULL AUTO_INCREMENT,
  `created_at` DATETIME NOT NULL DEFAULT CURRENT_TIMESTAMP,
  `created_by` VARCHAR(30) NOT NULL,
  `modified_at` DATETIME NOT NULL DEFAULT CURRENT_TIMESTAMP ON UPDATE CURRENT_TIMESTAMP,
  `modified_by` VARCHAR(30) NOT NULL,
  `version` INT NOT NULL DEFAULT 1,
  `ua_username` VARCHAR(30) NOT NULL,
  `ua_name` VARCHAR(256) NOT NULL,
  `ua_email` VARCHAR(256) NOT NULL,
  `ua_password` VARCHAR(256) NOT NULL,
  `ua_active` TINYINT(1) NOT NULL,
  `ua_gravatar_hash` VARCHAR(32) NOT NULL,
  PRIMARY KEY (`ua_id`),
  UNIQUE INDEX `ua_uk1` (`ua_username` ASC),
  UNIQUE INDEX `ua_uk2` (`ua_email` ASC))
--------------

Error (Code 1709): Index column size too large. The maximum column size is 767 bytes.
Error (Code 1709): Index column size too large. The maximum column size is 47232804242968 bytes.
--------------
SET @OLD_UNIQUE_CHECKS=@@UNIQUE_CHECKS, UNIQUE_CHECKS=0
--------------

--------------
SET @OLD_FOREIGN_KEY_CHECKS=@@FOREIGN_KEY_CHECKS, FOREIGN_KEY_CHECKS=0
--------------

--------------
SET @OLD_SQL_MODE=@@SQL_MODE, SQL_MODE='TRADITIONAL,ALLOW_INVALID_DATES'
--------------

--------------
DROP SCHEMA IF EXISTS `lisenupdb`
--------------

--------------
CREATE SCHEMA IF NOT EXISTS `lisenupdb` DEFAULT CHARACTER SET utf8
--------------

--------------
SHOW WARNINGS
--------------

--------------
DROP TABLE IF EXISTS `lisenupdb`.`users_all`
--------------

Note (Code 1051): Unknown table 'lisenupdb.users_all'
--------------
SHOW WARNINGS
--------------

+-------+------+-------------------------------------+
| Level | Code | Message                             |
+-------+------+-------------------------------------+
| Note  | 1051 | Unknown table 'lisenupdb.users_all' |
+-------+------+-------------------------------------+
--------------
CREATE TABLE IF NOT EXISTS `lisenupdb`.`users_all` (
  `ua_id` INT UNSIGNED NOT NULL AUTO_INCREMENT,
  `created_at` DATETIME NOT NULL DEFAULT CURRENT_TIMESTAMP,
  `created_by` VARCHAR(30) NOT NULL,
  `modified_at` DATETIME NOT NULL DEFAULT CURRENT_TIMESTAMP ON UPDATE CURRENT_TIMESTAMP,
  `modified_by` VARCHAR(30) NOT NULL,
  `version` INT NOT NULL DEFAULT 1,
  `ua_username` VARCHAR(30) NOT NULL,
  `ua_name` VARCHAR(256) NOT NULL,
  `ua_email` VARCHAR(256) NOT NULL,
  `ua_password` VARCHAR(256) NOT NULL,
  `ua_active` TINYINT(1) NOT NULL,
  `ua_gravatar_hash` VARCHAR(32) NOT NULL,
  PRIMARY KEY (`ua_id`),
  UNIQUE INDEX `ua_uk1` (`ua_username` ASC),
  UNIQUE INDEX `ua_uk2` (`ua_email` ASC))
ROW_FORMAT = Dynamic
--------------

--------------
SHOW WARNINGS
--------------

--------------
DROP TABLE IF EXISTS `lisenupdb`.`user_groups_all`
--------------

Note (Code 1051): Unknown table 'lisenupdb.user_groups_all'
--------------
SHOW WARNINGS
--------------

+-------+------+-------------------------------------------+
| Level | Code | Message                                   |
+-------+------+-------------------------------------------+
| Note  | 1051 | Unknown table 'lisenupdb.user_groups_all' |
+-------+------+-------------------------------------------+
--------------
CREATE TABLE IF NOT EXISTS `lisenupdb`.`user_groups_all` (
  `uga_id` INT UNSIGNED NOT NULL AUTO_INCREMENT,
  `ua_id` INT UNSIGNED NOT NULL,
  `created_at` DATETIME NOT NULL DEFAULT CURRENT_TIMESTAMP,
  `created_by` VARCHAR(30) NOT NULL,
  `modified_at` DATETIME NOT NULL DEFAULT CURRENT_TIMESTAMP ON UPDATE CURRENT_TIMESTAMP,
  `modified_by` VARCHAR(30) NOT NULL,
  `version` INT NOT NULL DEFAULT 1,
  `uga_name` VARCHAR(45) NOT NULL,
  `uga_desc` VARCHAR(256) NOT NULL,
  `uga_slug` VARCHAR(19) NOT NULL,
  `uga_active` TINYINT(1) NOT NULL,
  PRIMARY KEY (`uga_id`),
  INDEX `uga_ua_fk_idx` (`ua_id` ASC),
  UNIQUE INDEX `uga_uk1` (`ua_id` ASC, `uga_slug` ASC),
  CONSTRAINT `uga_ua_fk`
    FOREIGN KEY (`ua_id`)
    REFERENCES `lisenupdb`.`users_all` (`ua_id`)
    ON DELETE NO ACTION
    ON UPDATE NO ACTION)
ROW_FORMAT = Dynamic
--------------

--------------
SHOW WARNINGS
--------------

--------------
DROP TABLE IF EXISTS `lisenupdb`.`group_topics_all`
--------------

Note (Code 1051): Unknown table 'lisenupdb.group_topics_all'
--------------
SHOW WARNINGS
--------------

+-------+------+--------------------------------------------+
| Level | Code | Message                                    |
+-------+------+--------------------------------------------+
| Note  | 1051 | Unknown table 'lisenupdb.group_topics_all' |
+-------+------+--------------------------------------------+
--------------
CREATE TABLE IF NOT EXISTS `lisenupdb`.`group_topics_all` (
  `gta_id` INT UNSIGNED NOT NULL AUTO_INCREMENT,
  `uga_id` INT UNSIGNED NOT NULL,
  `created_at` DATETIME NOT NULL DEFAULT CURRENT_TIMESTAMP,
  `created_by` VARCHAR(30) NOT NULL,
  `modified_at` DATETIME NOT NULL DEFAULT CURRENT_TIMESTAMP ON UPDATE CURRENT_TIMESTAMP,
  `modified_by` VARCHAR(30) NOT NULL,
  `version` INT NOT NULL DEFAULT 1,
  `gta_title` VARCHAR(45) NOT NULL,
  `gta_text` TEXT NOT NULL,
  `gta_active` TINYINT(1) NOT NULL,
  `gta_order` INT NOT NULL DEFAULT 0,
  PRIMARY KEY (`gta_id`),
  INDEX `gta_uga_fk_idx` (`uga_id` ASC),
  CONSTRAINT `gta_uga_fk`
    FOREIGN KEY (`uga_id`)
    REFERENCES `lisenupdb`.`user_groups_all` (`uga_id`)
    ON DELETE NO ACTION
    ON UPDATE NO ACTION)
ROW_FORMAT = Dynamic
--------------

--------------
SHOW WARNINGS
--------------

--------------
DROP TABLE IF EXISTS `lisenupdb`.`topic_feedback_all`
--------------

Note (Code 1051): Unknown table 'lisenupdb.topic_feedback_all'
--------------
SHOW WARNINGS
--------------

+-------+------+----------------------------------------------+
| Level | Code | Message                                      |
+-------+------+----------------------------------------------+
| Note  | 1051 | Unknown table 'lisenupdb.topic_feedback_all' |
+-------+------+----------------------------------------------+
--------------
CREATE TABLE IF NOT EXISTS `lisenupdb`.`topic_feedback_all` (
  `tfa_id` INT UNSIGNED NOT NULL AUTO_INCREMENT,
  `gta_id` INT UNSIGNED NOT NULL,
  `ua_id` INT UNSIGNED NOT NULL DEFAULT 0,
  `tfa_uuid` VARCHAR(36) NOT NULL,
  `created_at` DATETIME NOT NULL DEFAULT CURRENT_TIMESTAMP,
  `created_by` VARCHAR(30) NOT NULL,
  `modified_at` DATETIME NOT NULL DEFAULT CURRENT_TIMESTAMP ON UPDATE CURRENT_TIMESTAMP,
  `modified_by` VARCHAR(30) NOT NULL,
  `version` INT NOT NULL DEFAULT 1,
  `tfa_ip_addr` VARCHAR(39) NOT NULL,
  `tfa_text` TEXT NOT NULL,
  PRIMARY KEY (`tfa_id`),
  INDEX `tfa_gta_fk_idx` (`gta_id` ASC),
  UNIQUE INDEX `tfa_uuid_UNIQUE` (`tfa_uuid` ASC),
  INDEX `tfa_ua_fk_idx` (`ua_id` ASC),
  CONSTRAINT `tfa_gta_fk`
    FOREIGN KEY (`gta_id`)
    REFERENCES `lisenupdb`.`group_topics_all` (`gta_id`)
    ON DELETE NO ACTION
    ON UPDATE NO ACTION,
  CONSTRAINT `tfa_ua_fk`
    FOREIGN KEY (`ua_id`)
    REFERENCES `lisenupdb`.`users_all` (`ua_id`)
    ON DELETE NO ACTION
    ON UPDATE NO ACTION)
ROW_FORMAT = Dynamic
--------------

--------------
SHOW WARNINGS
--------------

--------------
DROP TABLE IF EXISTS `lisenupdb`.`group_users_all`
--------------

Note (Code 1051): Unknown table 'lisenupdb.group_users_all'
--------------
SHOW WARNINGS
--------------

+-------+------+-------------------------------------------+
| Level | Code | Message                                   |
+-------+------+-------------------------------------------+
| Note  | 1051 | Unknown table 'lisenupdb.group_users_all' |
+-------+------+-------------------------------------------+
--------------
CREATE TABLE IF NOT EXISTS `lisenupdb`.`group_users_all` (
  `gua_id` INT UNSIGNED NOT NULL AUTO_INCREMENT,
  `uga_id` INT UNSIGNED NOT NULL,
  `ua_id` INT UNSIGNED NOT NULL,
  `created_at` DATETIME NOT NULL DEFAULT CURRENT_TIMESTAMP,
  `created_by` VARCHAR(30) NOT NULL,
  `modified_at` DATETIME NOT NULL DEFAULT CURRENT_TIMESTAMP ON UPDATE CURRENT_TIMESTAMP,
  `modified_by` VARCHAR(30) NOT NULL,
  `version` INT NOT NULL DEFAULT 1,
  `gua_active` TINYINT(1) NOT NULL,
  `gua_subed_at` VARCHAR(256) NOT NULL,
  `gua_ip_addr` VARCHAR(39) NOT NULL,
  PRIMARY KEY (`gua_id`),
  INDEX `gua_uga_fk_idx` (`uga_id` ASC),
  INDEX `gua_ua_fk_idx` (`ua_id` ASC),
  UNIQUE INDEX `gua_uk1` (`uga_id` ASC, `ua_id` ASC),
  CONSTRAINT `gua_uga_fk`
    FOREIGN KEY (`uga_id`)
    REFERENCES `lisenupdb`.`user_groups_all` (`uga_id`)
    ON DELETE NO ACTION
    ON UPDATE NO ACTION,
  CONSTRAINT `gua_ua_fk`
    FOREIGN KEY (`ua_id`)
    REFERENCES `lisenupdb`.`users_all` (`ua_id`)
    ON DELETE NO ACTION
    ON UPDATE NO ACTION)
ROW_FORMAT = Dynamic
--------------

--------------
SHOW WARNINGS
--------------

--------------
SET SQL_MODE=@OLD_SQL_MODE
--------------

Warning (Code 1681): 'ERROR_FOR_DIVISION_BY_ZERO' is deprecated and will be removed in a future release.
Warning (Code 1681): 'NO_ZERO_DATE' is deprecated and will be removed in a future release.
Warning (Code 1681): 'NO_ZERO_IN_DATE' is deprecated and will be removed in a future release.
--------------
SET FOREIGN_KEY_CHECKS=@OLD_FOREIGN_KEY_CHECKS
--------------

--------------
SET UNIQUE_CHECKS=@OLD_UNIQUE_CHECKS
--------------

--------------
delete from lisenupdb.topic_feedback_all where gta_id in (select gta_id from lisenupdb.group_topics_all where created_by = 'VMOGILEV')
--------------

--------------
delete from lisenupdb.group_users_all where uga_id in (select uga_id from lisenupdb.user_groups_all where created_by = 'VMOGILEV')
--------------

--------------
delete from lisenupdb.group_topics_all where created_by = 'VMOGILEV'
--------------

--------------
delete from lisenupdb.user_groups_all where created_by = 'VMOGILEV'
--------------

--------------
delete from lisenupdb.users_all where created_by = 'VMOGILEV'
--------------

--------------
insert into lisenupdb.users_all (
  ua_id,
  created_by,
  modified_by,
  ua_username,
  ua_name,
  ua_email,
  ua_password,
  ua_active,
  ua_gravatar_hash)
values (
    1,
    'SEED',
    'SEED',
    'anonymous',
    'Anonymous',
    'null@lisenup.com',
    'junk',
    0,
    '-')
--------------

--------------
insert into lisenupdb.users_all (
  ua_id,
  created_by,
  modified_by,
  ua_username,
  ua_name,
  ua_email,
  ua_password,
  ua_active,
  ua_gravatar_hash)
values (
    100,
    'VMOGILEV',
    'VMOGILEV',
    'mve',
    'Vitaliy',
    'admin@lisenup.com',
    'junk',
    1,
    '310bc337aaf8b7ff17ce233a36934fe6')
--------------

--------------
insert into lisenupdb.user_groups_all (
  uga_id,
  ua_id,
  created_by,
  modified_by,
  uga_name,
  uga_desc,
  uga_slug,
  uga_active)
values (
    1,
    100,
    'VMOGILEV',
    'VMOGILEV',
    'My Job',
    'I want to improve my Job and would like to get your candid feedback on the following:',
    'Job',
    1)
--------------

--------------
insert into lisenupdb.group_topics_all (
  gta_id,
  uga_id,
  created_by,
  modified_by,
  gta_title,
  gta_text,
  gta_active)
values (
    1,
    1,
    'VMOGILEV',
    'VMOGILEV',
    'Constructive Criticism',
    'If you ever wanted to give me a constructive criticism - please do not hesitate to do so now:',
    1
)
--------------

--------------
insert into lisenupdb.group_topics_all (
  gta_id,
  uga_id,
  created_by,
  modified_by,
  gta_title,
  gta_text,
  gta_active)
values (
    2,
    1,
    'VMOGILEV',
    'VMOGILEV',
    'I am Know For ...',
    'If someone asked you what I am known for?  What is the one thing that comes to mind?',
    1
)
--------------

--------------
insert into lisenupdb.group_topics_all (
  gta_id,
  uga_id,
  created_by,
  modified_by,
  gta_title,
  gta_text,
  gta_active)
values (
    3,
    1,
    'VMOGILEV',
    'VMOGILEV',
    'One Thing Better ...',
    'If we were to work together again, what is the one thing that I should do better?',
    1
)
--------------

